discarding /cm/shared/openmind/anaconda/2.5.0/bin from PATH
prepending /om2/user/jennhu/conda/envs/neural-nlp/bin to PATH
[2019-02-27 09:17:17,326 INFO] Extracting features...
[2019-02-27 09:17:17,385 INFO]  * number of source features: 0.
[2019-02-27 09:17:17,385 INFO]  * number of target features: 0.
[2019-02-27 09:17:17,385 INFO] Building `Fields` object...
[2019-02-27 09:17:17,385 INFO] Building & saving training data...
[2019-02-27 09:17:17,385 INFO] Reading source and target files: data/news/news.2015.en.shuffled.tokenized data/news/news.2015.en.shuffled.tokenized.
[2019-02-27 09:17:18,089 INFO] Building shard 0.
[2019-02-27 09:18:00,815 INFO]  * saving 0th train data shard to data/news/news.train.0.pt.
[2019-02-27 09:19:08,002 INFO] Building shard 1.
[2019-02-27 09:19:52,515 INFO]  * saving 1th train data shard to data/news/news.train.1.pt.
[2019-02-27 09:21:00,603 INFO] Building shard 2.
[2019-02-27 09:21:43,251 INFO]  * saving 2th train data shard to data/news/news.train.2.pt.
[2019-02-27 09:22:49,688 INFO] Building shard 3.
[2019-02-27 09:23:33,899 INFO]  * saving 3th train data shard to data/news/news.train.3.pt.
[2019-02-27 09:24:41,692 INFO] Building shard 4.
[2019-02-27 09:25:24,451 INFO]  * saving 4th train data shard to data/news/news.train.4.pt.
[2019-02-27 09:26:31,437 INFO] Building shard 5.
[2019-02-27 09:27:15,321 INFO]  * saving 5th train data shard to data/news/news.train.5.pt.
[2019-02-27 09:28:22,288 INFO] Building shard 6.
[2019-02-27 09:29:05,038 INFO]  * saving 6th train data shard to data/news/news.train.6.pt.
[2019-02-27 09:30:11,711 INFO] Building shard 7.
[2019-02-27 09:30:55,144 INFO]  * saving 7th train data shard to data/news/news.train.7.pt.
[2019-02-27 09:32:01,378 INFO] Building shard 8.
[2019-02-27 09:32:43,953 INFO]  * saving 8th train data shard to data/news/news.train.8.pt.
[2019-02-27 09:33:50,604 INFO] Building shard 9.
[2019-02-27 09:34:34,334 INFO]  * saving 9th train data shard to data/news/news.train.9.pt.
[2019-02-27 09:35:40,654 INFO] Building shard 10.
[2019-02-27 09:36:23,148 INFO]  * saving 10th train data shard to data/news/news.train.10.pt.
[2019-02-27 09:37:29,959 INFO] Building shard 11.
[2019-02-27 09:38:13,703 INFO]  * saving 11th train data shard to data/news/news.train.11.pt.
[2019-02-27 09:39:20,014 INFO] Building shard 12.
[2019-02-27 09:40:02,413 INFO]  * saving 12th train data shard to data/news/news.train.12.pt.
[2019-02-27 09:41:08,906 INFO] Building shard 13.
[2019-02-27 09:41:52,713 INFO]  * saving 13th train data shard to data/news/news.train.13.pt.
[2019-02-27 09:42:59,704 INFO] Building shard 14.
[2019-02-27 09:43:41,883 INFO]  * saving 14th train data shard to data/news/news.train.14.pt.
[2019-02-27 09:44:47,695 INFO] Building shard 15.
[2019-02-27 09:45:31,570 INFO]  * saving 15th train data shard to data/news/news.train.15.pt.
[2019-02-27 09:46:39,357 INFO] Building shard 16.
[2019-02-27 09:47:22,157 INFO]  * saving 16th train data shard to data/news/news.train.16.pt.
[2019-02-27 09:48:28,445 INFO] Building shard 17.
[2019-02-27 09:49:11,963 INFO]  * saving 17th train data shard to data/news/news.train.17.pt.
[2019-02-27 09:50:19,164 INFO] Building shard 18.
[2019-02-27 09:51:01,747 INFO]  * saving 18th train data shard to data/news/news.train.18.pt.
[2019-02-27 09:52:08,369 INFO] Building shard 19.
[2019-02-27 09:52:52,333 INFO]  * saving 19th train data shard to data/news/news.train.19.pt.
[2019-02-27 09:53:59,426 INFO] Building shard 20.
[2019-02-27 09:54:41,985 INFO]  * saving 20th train data shard to data/news/news.train.20.pt.
[2019-02-27 09:55:49,572 INFO] Building shard 21.
[2019-02-27 09:56:33,892 INFO]  * saving 21th train data shard to data/news/news.train.21.pt.
[2019-02-27 09:57:40,630 INFO] Building shard 22.
[2019-02-27 09:58:23,363 INFO]  * saving 22th train data shard to data/news/news.train.22.pt.
[2019-02-27 09:59:29,520 INFO] Building shard 23.
[2019-02-27 10:00:12,920 INFO]  * saving 23th train data shard to data/news/news.train.23.pt.
[2019-02-27 10:01:19,562 INFO] Building shard 24.
[2019-02-27 10:02:02,356 INFO]  * saving 24th train data shard to data/news/news.train.24.pt.
[2019-02-27 10:03:09,112 INFO] Building shard 25.
[2019-02-27 10:03:52,673 INFO]  * saving 25th train data shard to data/news/news.train.25.pt.
[2019-02-27 10:04:58,967 INFO] Building shard 26.
[2019-02-27 10:05:41,692 INFO]  * saving 26th train data shard to data/news/news.train.26.pt.
[2019-02-27 10:06:48,358 INFO] Building shard 27.
[2019-02-27 10:06:58,999 INFO]  * saving 27th train data shard to data/news/news.train.27.pt.
[2019-02-27 10:07:14,921 INFO] Building & saving validation data...
[2019-02-27 10:07:14,921 INFO] Reading source and target files: data/news/newstest2013.en.tokenized data/news/newstest2013.en.tokenized.
[2019-02-27 10:07:14,948 INFO] Building shard 0.
[2019-02-27 10:07:15,029 INFO]  * saving 0th valid data shard to data/news/news.valid.0.pt.
[2019-02-27 10:07:15,279 INFO] Building & saving vocabulary...
[2019-02-27 10:07:36,268 INFO]  * reloading data/news/news.train.0.pt.
[2019-02-27 10:08:34,824 INFO]  * reloading data/news/news.train.1.pt.
[2019-02-27 10:09:35,775 INFO]  * reloading data/news/news.train.2.pt.
[2019-02-27 10:10:37,528 INFO]  * reloading data/news/news.train.3.pt.
[2019-02-27 10:11:40,908 INFO]  * reloading data/news/news.train.4.pt.
[2019-02-27 10:12:44,935 INFO]  * reloading data/news/news.train.5.pt.
[2019-02-27 10:13:49,632 INFO]  * reloading data/news/news.train.6.pt.
[2019-02-27 10:14:54,038 INFO]  * reloading data/news/news.train.7.pt.
[2019-02-27 10:15:59,062 INFO]  * reloading data/news/news.train.8.pt.
[2019-02-27 10:17:04,514 INFO]  * reloading data/news/news.train.9.pt.
[2019-02-27 10:18:09,719 INFO]  * reloading data/news/news.train.10.pt.
[2019-02-27 10:19:15,506 INFO]  * reloading data/news/news.train.11.pt.
[2019-02-27 10:20:21,186 INFO]  * reloading data/news/news.train.12.pt.
[2019-02-27 10:21:27,224 INFO]  * reloading data/news/news.train.13.pt.
[2019-02-27 10:22:33,212 INFO]  * reloading data/news/news.train.14.pt.
[2019-02-27 10:23:39,291 INFO]  * reloading data/news/news.train.15.pt.
[2019-02-27 10:24:45,464 INFO]  * reloading data/news/news.train.16.pt.
[2019-02-27 10:25:51,469 INFO]  * reloading data/news/news.train.17.pt.
[2019-02-27 10:26:57,928 INFO]  * reloading data/news/news.train.18.pt.
[2019-02-27 10:28:04,455 INFO]  * reloading data/news/news.train.19.pt.
[2019-02-27 10:29:10,780 INFO]  * reloading data/news/news.train.20.pt.
[2019-02-27 10:30:17,034 INFO]  * reloading data/news/news.train.21.pt.
[2019-02-27 10:31:23,433 INFO]  * reloading data/news/news.train.22.pt.
[2019-02-27 10:32:29,694 INFO]  * reloading data/news/news.train.23.pt.
[2019-02-27 10:33:35,896 INFO]  * reloading data/news/news.train.24.pt.
[2019-02-27 10:34:42,319 INFO]  * reloading data/news/news.train.25.pt.
[2019-02-27 10:35:48,778 INFO]  * reloading data/news/news.train.26.pt.
[2019-02-27 10:36:32,794 INFO]  * reloading data/news/news.train.27.pt.
[2019-02-27 10:36:47,990 INFO]  * tgt vocab size: 50004.
[2019-02-27 10:36:54,765 INFO]  * src vocab size: 50002.
discarding /om2/user/jennhu/conda/envs/neural-nlp/bin from PATH
